<?xml version="1.0" encoding="UTF-8"?>
<testng-results skipped="0" failed="0" ignored="0" total="1" passed="1">
  <reporter-output>
  </reporter-output>
  <suite name="Default suite" duration-ms="8884" started-at="2022-02-27T20:23:12Z" finished-at="2022-02-27T20:23:21Z">
    <groups>
    </groups>
    <test name="Default test" duration-ms="8884" started-at="2022-02-27T20:23:12Z" finished-at="2022-02-27T20:23:21Z">
      <class name="com.seleniumchallenges.Alerts">
        <test-method status="PASS" signature="alertMessage()[pri:0, instance:com.seleniumchallenges.Alerts@1f59a598]" name="alertMessage" duration-ms="8843" started-at="2022-02-27T20:23:12Z" finished-at="2022-02-27T20:23:21Z">
          <reporter-output>
          </reporter-output>
        </test-method> <!-- alertMessage -->
      </class> <!-- com.seleniumchallenges.Alerts -->
    </test> <!-- Default test -->
  </suite> <!-- Default suite -->
</testng-results>
