<?xml version="1.0" encoding="UTF-8"?>
<testng-results skipped="0" failed="0" ignored="0" total="1" passed="1">
  <reporter-output>
  </reporter-output>
  <suite name="Default suite" duration-ms="2684" started-at="2022-02-20T18:58:42Z" finished-at="2022-02-20T18:58:45Z">
    <groups>
    </groups>
    <test name="Default test" duration-ms="2684" started-at="2022-02-20T18:58:42Z" finished-at="2022-02-20T18:58:45Z">
      <class name="com.apitesting.BDDStyleAPI">
        <test-method status="PASS" signature="getBDDMethod()[pri:0, instance:com.apitesting.BDDStyleAPI@291caca8]" name="getBDDMethod" duration-ms="2640" started-at="2022-02-20T18:58:42Z" finished-at="2022-02-20T18:58:45Z">
          <reporter-output>
          </reporter-output>
        </test-method> <!-- getBDDMethod -->
      </class> <!-- com.apitesting.BDDStyleAPI -->
    </test> <!-- Default test -->
  </suite> <!-- Default suite -->
</testng-results>
