<?xml version="1.0" encoding="UTF-8"?>
<!-- Generated by org.testng.reporters.JUnitReportReporter -->
<testsuite skipped="0" hostname="MIRHUQUE74C0" name="com.runner.MyRunner" tests="1" failures="1" timestamp="07 Feb 2022 03:50:11 GMT" time="10.775" errors="0">
  <testcase name="runScenario" time="10.775" classname="com.runner.MyRunner">
    <failure type="java.lang.AssertionError" message="expected [Sign in to Zoopla - Zoopla] but found [Sign in to Zoopla - Zooplas67]">
      <![CDATA[java.lang.AssertionError: expected [Sign in to Zoopla - Zoopla] but found [Sign in to Zoopla - Zooplas67]
at org.testng.Assert.fail(Assert.java:96)
at org.testng.Assert.failNotEquals(Assert.java:776)
at org.testng.Assert.assertEqualsImpl(Assert.java:137)
at org.testng.Assert.assertEquals(Assert.java:118)
at org.testng.Assert.assertEquals(Assert.java:453)
at org.testng.Assert.assertEquals(Assert.java:463)
at com.stepdefinition.LoginFunction.user_is_able_to_verify_successful_login_verify_page_title(LoginFunction.java:76)
at âœ½.User is able to verify successful login & verify page title(file:///C:/Users/mirhuque/git/mainrepo/Automation_Framework/Features/login.feature:13)
]]>
    </failure>
  </testcase> <!-- runScenario -->
</testsuite> <!-- com.runner.MyRunner -->
